{
"contracts\\DatasetRegistry.sol":{"l":{"84":4,"85":3,"89":12,"90":12,"94":8,"95":7,"124":19,"125":18,"126":17,"128":16,"130":16,"142":16,"143":16,"145":16,"165":7,"167":7,"168":6,"169":5,"172":4,"173":4,"176":4,"177":4,"181":4,"182":4,"184":4,"191":1,"192":1,"199":1,"210":1,"211":1,"212":1,"223":2,"224":2,"231":1,"232":1,"233":1,"234":1,"241":2,"242":1},"path":"C:\\Users\\ASUS\\Downloads\\files\\contracts\\DatasetRegistry.sol","s":{"1":4,"2":12,"3":8,"4":19,"5":18,"6":17,"7":16,"8":16,"9":7,"10":7,"11":6,"12":5,"13":4,"14":4,"15":4,"16":4,"17":4,"18":1,"19":1,"20":1,"21":2,"22":1,"23":1,"24":1,"25":1,"26":2},"b":{"1":[3,1],"2":[12,0],"3":[7,1],"4":[19,0],"5":[18,1],"6":[17,1],"7":[16,1],"8":[8,0],"9":[8,0],"10":[7,1],"11":[6,1],"12":[5,1],"13":[4,1],"14":[4,0],"15":[2,0],"16":[1,1],"17":[2,0],"18":[2,0],"19":[1,1],"20":[1,0],"21":[1,0],"22":[2,0],"23":[1,1]},"f":{"1":4,"2":12,"3":8,"4":41,"5":19,"6":7,"7":1,"8":1,"9":1,"10":2,"11":1,"12":2},"fnMap":{"1":{"name":"onlyDatasetOwner","line":83,"loc":{"start":{"line":83,"column":4},"end":{"line":86,"column":4}}},"2":{"name":"datasetExists","line":88,"loc":{"start":{"line":88,"column":4},"end":{"line":91,"column":4}}},"3":{"name":"datasetActive","line":93,"loc":{"start":{"line":93,"column":4},"end":{"line":96,"column":4}}},"4":{"name":"constructor","line":102,"loc":{"start":{"line":102,"column":4},"end":{"line":102,"column":39}}},"5":{"name":"registerDataset","line":122,"loc":{"start":{"line":116,"column":4},"end":{"line":153,"column":4}}},"6":{"name":"purchaseAccess","line":163,"loc":{"start":{"line":158,"column":4},"end":{"line":185,"column":4}}},"7":{"name":"checkDuplicate","line":190,"loc":{"start":{"line":190,"column":4},"end":{"line":193,"column":4}}},"8":{"name":"getOwnerDatasets","line":198,"loc":{"start":{"line":198,"column":4},"end":{"line":200,"column":4}}},"9":{"name":"updatePrice","line":208,"loc":{"start":{"line":205,"column":4},"end":{"line":213,"column":4}}},"10":{"name":"deactivateDataset","line":221,"loc":{"start":{"line":218,"column":4},"end":{"line":225,"column":4}}},"11":{"name":"withdrawFees","line":230,"loc":{"start":{"line":230,"column":4},"end":{"line":235,"column":4}}},"12":{"name":"setPlatformFee","line":240,"loc":{"start":{"line":240,"column":4},"end":{"line":243,"column":4}}}},"statementMap":{"1":{"start":{"line":84,"column":8},"end":{"line":84,"column":77}},"2":{"start":{"line":89,"column":8},"end":{"line":89,"column":81}},"3":{"start":{"line":94,"column":8},"end":{"line":94,"column":67}},"4":{"start":{"line":124,"column":8},"end":{"line":124,"column":65}},"5":{"start":{"line":125,"column":8},"end":{"line":125,"column":69}},"6":{"start":{"line":126,"column":8},"end":{"line":126,"column":80}},"7":{"start":{"line":143,"column":8},"end":{"line":143,"column":48}},"8":{"start":{"line":145,"column":8},"end":{"line":145,"column":4871}},"9":{"start":{"line":165,"column":8},"end":{"line":165,"column":54}},"10":{"start":{"line":167,"column":8},"end":{"line":167,"column":75}},"11":{"start":{"line":168,"column":8},"end":{"line":168,"column":71}},"12":{"start":{"line":169,"column":8},"end":{"line":169,"column":66}},"13":{"start":{"line":172,"column":8},"end":{"line":172,"column":69}},"14":{"start":{"line":173,"column":8},"end":{"line":173,"column":46}},"15":{"start":{"line":176,"column":8},"end":{"line":176,"column":78}},"16":{"start":{"line":177,"column":8},"end":{"line":177,"column":51}},"17":{"start":{"line":184,"column":8},"end":{"line":184,"column":79}},"18":{"start":{"line":199,"column":8},"end":{"line":199,"column":36}},"19":{"start":{"line":210,"column":8},"end":{"line":210,"column":53}},"20":{"start":{"line":212,"column":8},"end":{"line":212,"column":65}},"21":{"start":{"line":224,"column":8},"end":{"line":224,"column":43}},"22":{"start":{"line":231,"column":8},"end":{"line":231,"column":47}},"23":{"start":{"line":232,"column":8},"end":{"line":232,"column":50}},"24":{"start":{"line":233,"column":8},"end":{"line":233,"column":55}},"25":{"start":{"line":234,"column":8},"end":{"line":234,"column":44}},"26":{"start":{"line":241,"column":8},"end":{"line":241,"column":49}}},"branchMap":{"1":{"line":84,"type":"if","locations":[{"start":{"line":84,"column":8},"end":{"line":84,"column":8}},{"start":{"line":84,"column":8},"end":{"line":84,"column":8}}]},"2":{"line":89,"type":"if","locations":[{"start":{"line":89,"column":8},"end":{"line":89,"column":8}},{"start":{"line":89,"column":8},"end":{"line":89,"column":8}}]},"3":{"line":94,"type":"if","locations":[{"start":{"line":94,"column":8},"end":{"line":94,"column":8}},{"start":{"line":94,"column":8},"end":{"line":94,"column":8}}]},"4":{"line":122,"type":"if","locations":[{"start":{"line":122,"column":15},"end":{"line":122,"column":15}},{"start":{"line":122,"column":15},"end":{"line":122,"column":15}}]},"5":{"line":124,"type":"if","locations":[{"start":{"line":124,"column":8},"end":{"line":124,"column":8}},{"start":{"line":124,"column":8},"end":{"line":124,"column":8}}]},"6":{"line":125,"type":"if","locations":[{"start":{"line":125,"column":8},"end":{"line":125,"column":8}},{"start":{"line":125,"column":8},"end":{"line":125,"column":8}}]},"7":{"line":126,"type":"if","locations":[{"start":{"line":126,"column":8},"end":{"line":126,"column":8}},{"start":{"line":126,"column":8},"end":{"line":126,"column":8}}]},"8":{"line":161,"type":"if","locations":[{"start":{"line":161,"column":8},"end":{"line":161,"column":8}},{"start":{"line":161,"column":8},"end":{"line":161,"column":8}}]},"9":{"line":162,"type":"if","locations":[{"start":{"line":162,"column":8},"end":{"line":162,"column":8}},{"start":{"line":162,"column":8},"end":{"line":162,"column":8}}]},"10":{"line":163,"type":"if","locations":[{"start":{"line":163,"column":8},"end":{"line":163,"column":8}},{"start":{"line":163,"column":8},"end":{"line":163,"column":8}}]},"11":{"line":167,"type":"if","locations":[{"start":{"line":167,"column":8},"end":{"line":167,"column":8}},{"start":{"line":167,"column":8},"end":{"line":167,"column":8}}]},"12":{"line":168,"type":"if","locations":[{"start":{"line":168,"column":8},"end":{"line":168,"column":8}},{"start":{"line":168,"column":8},"end":{"line":168,"column":8}}]},"13":{"line":169,"type":"if","locations":[{"start":{"line":169,"column":8},"end":{"line":169,"column":8}},{"start":{"line":169,"column":8},"end":{"line":169,"column":8}}]},"14":{"line":177,"type":"if","locations":[{"start":{"line":177,"column":8},"end":{"line":177,"column":8}},{"start":{"line":177,"column":8},"end":{"line":177,"column":8}}]},"15":{"line":207,"type":"if","locations":[{"start":{"line":207,"column":8},"end":{"line":207,"column":8}},{"start":{"line":207,"column":8},"end":{"line":207,"column":8}}]},"16":{"line":208,"type":"if","locations":[{"start":{"line":208,"column":8},"end":{"line":208,"column":8}},{"start":{"line":208,"column":8},"end":{"line":208,"column":8}}]},"17":{"line":220,"type":"if","locations":[{"start":{"line":220,"column":8},"end":{"line":220,"column":8}},{"start":{"line":220,"column":8},"end":{"line":220,"column":8}}]},"18":{"line":221,"type":"if","locations":[{"start":{"line":221,"column":8},"end":{"line":221,"column":8}},{"start":{"line":221,"column":8},"end":{"line":221,"column":8}}]},"19":{"line":230,"type":"if","locations":[{"start":{"line":230,"column":56},"end":{"line":230,"column":56}},{"start":{"line":230,"column":56},"end":{"line":230,"column":56}}]},"20":{"line":232,"type":"if","locations":[{"start":{"line":232,"column":8},"end":{"line":232,"column":8}},{"start":{"line":232,"column":8},"end":{"line":232,"column":8}}]},"21":{"line":234,"type":"if","locations":[{"start":{"line":234,"column":8},"end":{"line":234,"column":8}},{"start":{"line":234,"column":8},"end":{"line":234,"column":8}}]},"22":{"line":240,"type":"if","locations":[{"start":{"line":240,"column":58},"end":{"line":240,"column":58}},{"start":{"line":240,"column":58},"end":{"line":240,"column":58}}]},"23":{"line":241,"type":"if","locations":[{"start":{"line":241,"column":8},"end":{"line":241,"column":8}},{"start":{"line":241,"column":8},"end":{"line":241,"column":8}}]}}},
"contracts\\DataToken.sol":{"l":{"24":41,"25":41,"28":41,"29":41,"30":41,"43":17,"44":16,"46":15,"47":15,"49":15,"60":1,"61":1,"68":1},"path":"C:\\Users\\ASUS\\Downloads\\files\\contracts\\DataToken.sol","s":{"1":41,"2":41,"3":41,"4":41,"5":17,"6":16,"7":15,"8":15,"9":1,"10":1,"11":1},"b":{"1":[17,1],"2":[16,1],"3":[15,1],"4":[1,0]},"f":{"1":41,"2":17,"3":1,"4":1},"fnMap":{"1":{"name":"constructor","line":23,"loc":{"start":{"line":23,"column":4},"end":{"line":31,"column":4}}},"2":{"name":"mintReward","line":41,"loc":{"start":{"line":39,"column":4},"end":{"line":50,"column":4}}},"3":{"name":"burnFrom","line":58,"loc":{"start":{"line":55,"column":4},"end":{"line":62,"column":4}}},"4":{"name":"remainingSupply","line":67,"loc":{"start":{"line":67,"column":4},"end":{"line":69,"column":4}}}},"statementMap":{"1":{"start":{"line":24,"column":8},"end":{"line":24,"column":45}},"2":{"start":{"line":25,"column":8},"end":{"line":25,"column":38}},"3":{"start":{"line":28,"column":8},"end":{"line":28,"column":47}},"4":{"start":{"line":29,"column":8},"end":{"line":29,"column":35}},"5":{"start":{"line":43,"column":8},"end":{"line":43,"column":74}},"6":{"start":{"line":44,"column":8},"end":{"line":44,"column":52}},"7":{"start":{"line":46,"column":8},"end":{"line":46,"column":26}},"8":{"start":{"line":49,"column":8},"end":{"line":49,"column":48}},"9":{"start":{"line":60,"column":8},"end":{"line":60,"column":28}},"10":{"start":{"line":61,"column":8},"end":{"line":61,"column":41}},"11":{"start":{"line":68,"column":8},"end":{"line":68,"column":39}}},"branchMap":{"1":{"line":41,"type":"if","locations":[{"start":{"line":41,"column":8},"end":{"line":41,"column":8}},{"start":{"line":41,"column":8},"end":{"line":41,"column":8}}]},"2":{"line":43,"type":"if","locations":[{"start":{"line":43,"column":8},"end":{"line":43,"column":8}},{"start":{"line":43,"column":8},"end":{"line":43,"column":8}}]},"3":{"line":44,"type":"if","locations":[{"start":{"line":44,"column":8},"end":{"line":44,"column":8}},{"start":{"line":44,"column":8},"end":{"line":44,"column":8}}]},"4":{"line":58,"type":"if","locations":[{"start":{"line":58,"column":8},"end":{"line":58,"column":8}},{"start":{"line":58,"column":8},"end":{"line":58,"column":8}}]}}},
"contracts\\RewardDistributor.sol":{"l":{"71":4,"72":4,"80":41,"91":11,"93":10,"94":10,"96":10,"99":10,"100":1,"101":1,"120":3,"121":3,"123":2,"126":2,"127":2,"129":2,"130":2,"142":1,"143":1,"146":1,"160":11,"161":11,"163":10,"165":10,"166":10,"167":10,"175":14,"176":14,"178":14,"179":14,"181":14,"182":3,"183":3,"186":14,"197":14,"198":14,"199":14,"200":14,"201":12,"209":41,"218":1,"219":1,"220":1,"221":1,"235":1,"236":1},"path":"C:\\Users\\ASUS\\Downloads\\files\\contracts\\RewardDistributor.sol","s":{"1":4,"2":11,"3":10,"4":10,"5":1,"6":3,"7":3,"8":2,"9":2,"10":2,"11":1,"12":1,"13":11,"14":11,"15":10,"16":10,"17":14,"18":14,"19":14,"20":14,"21":3,"22":14,"23":14,"24":14,"25":0,"26":14,"27":0,"28":14,"29":2,"30":12,"31":1,"32":1},"b":{"1":[4,0],"2":[0,4],"3":[10,1],"4":[1,9],"5":[3,0],"6":[3,0],"7":[2,1],"8":[1,0],"9":[1,0],"10":[11,0],"11":[11,0],"12":[10,1],"13":[3,11],"14":[0,14],"15":[0,14],"16":[2,12],"17":[41,0],"18":[1,1]},"f":{"1":4,"2":41,"3":11,"4":3,"5":1,"6":11,"7":14,"8":14,"9":41,"10":1,"11":1},"fnMap":{"1":{"name":"onlyRegistry","line":70,"loc":{"start":{"line":70,"column":4},"end":{"line":73,"column":4}}},"2":{"name":"constructor","line":79,"loc":{"start":{"line":79,"column":4},"end":{"line":81,"column":4}}},"3":{"name":"registerUser","line":90,"loc":{"start":{"line":90,"column":4},"end":{"line":103,"column":4}}},"4":{"name":"rewardDatasetUpload","line":119,"loc":{"start":{"line":115,"column":4},"end":{"line":131,"column":4}}},"5":{"name":"rewardDatasetUsage","line":139,"loc":{"start":{"line":136,"column":4},"end":{"line":147,"column":4}}},"6":{"name":"rewardTaskCompletion","line":159,"loc":{"start":{"line":155,"column":4},"end":{"line":168,"column":4}}},"7":{"name":"_issueReward","line":174,"loc":{"start":{"line":174,"column":4},"end":{"line":187,"column":4}}},"8":{"name":"_calculateLevel","line":196,"loc":{"start":{"line":196,"column":4},"end":{"line":202,"column":4}}},"9":{"name":"setRegistryContract","line":208,"loc":{"start":{"line":208,"column":4},"end":{"line":210,"column":4}}},"10":{"name":"updateRewardAmounts","line":217,"loc":{"start":{"line":212,"column":4},"end":{"line":222,"column":4}}},"11":{"name":"getUserProfile","line":227,"loc":{"start":{"line":227,"column":4},"end":{"line":244,"column":4}}}},"statementMap":{"1":{"start":{"line":71,"column":8},"end":{"line":71,"column":89}},"2":{"start":{"line":91,"column":8},"end":{"line":91,"column":71}},"3":{"start":{"line":96,"column":8},"end":{"line":96,"column":50}},"4":{"start":{"line":99,"column":8},"end":{"line":99,"column":3463}},"5":{"start":{"line":101,"column":12},"end":{"line":101,"column":62}},"6":{"start":{"line":120,"column":8},"end":{"line":120,"column":71}},"7":{"start":{"line":121,"column":8},"end":{"line":121,"column":57}},"8":{"start":{"line":126,"column":8},"end":{"line":126,"column":61}},"9":{"start":{"line":127,"column":8},"end":{"line":127,"column":45}},"10":{"start":{"line":130,"column":8},"end":{"line":130,"column":52}},"11":{"start":{"line":143,"column":8},"end":{"line":143,"column":62}},"12":{"start":{"line":146,"column":8},"end":{"line":146,"column":99}},"13":{"start":{"line":160,"column":8},"end":{"line":160,"column":73}},"14":{"start":{"line":161,"column":8},"end":{"line":161,"column":62}},"15":{"start":{"line":165,"column":8},"end":{"line":165,"column":70}},"16":{"start":{"line":167,"column":8},"end":{"line":167,"column":52}},"17":{"start":{"line":176,"column":8},"end":{"line":176,"column":46}},"18":{"start":{"line":178,"column":8},"end":{"line":178,"column":49}},"19":{"start":{"line":179,"column":8},"end":{"line":179,"column":72}},"20":{"start":{"line":181,"column":8},"end":{"line":181,"column":6474}},"21":{"start":{"line":183,"column":12},"end":{"line":183,"column":55}},"22":{"start":{"line":186,"column":8},"end":{"line":186,"column":78}},"23":{"start":{"line":197,"column":8},"end":{"line":197,"column":44}},"24":{"start":{"line":198,"column":8},"end":{"line":198,"column":38}},"25":{"start":{"line":198,"column":30},"end":{"line":198,"column":38}},"26":{"start":{"line":199,"column":8},"end":{"line":199,"column":38}},"27":{"start":{"line":199,"column":30},"end":{"line":199,"column":38}},"28":{"start":{"line":200,"column":8},"end":{"line":200,"column":38}},"29":{"start":{"line":200,"column":30},"end":{"line":200,"column":38}},"30":{"start":{"line":201,"column":8},"end":{"line":201,"column":16}},"31":{"start":{"line":235,"column":8},"end":{"line":235,"column":49}},"32":{"start":{"line":236,"column":8},"end":{"line":236,"column":8187}}},"branchMap":{"1":{"line":71,"type":"if","locations":[{"start":{"line":71,"column":8},"end":{"line":71,"column":8}},{"start":{"line":71,"column":8},"end":{"line":71,"column":8}}]},"2":{"line":71,"type":"cond-expr","locations":[{"start":{"line":71,"column":16},"end":{"line":71,"column":45}},{"start":{"line":71,"column":50},"end":{"line":71,"column":70}}]},"3":{"line":91,"type":"if","locations":[{"start":{"line":91,"column":8},"end":{"line":91,"column":8}},{"start":{"line":91,"column":8},"end":{"line":91,"column":8}}]},"4":{"line":99,"type":"if","locations":[{"start":{"line":99,"column":8},"end":{"line":99,"column":8}},{"start":{"line":99,"column":8},"end":{"line":99,"column":8}}]},"5":{"line":119,"type":"if","locations":[{"start":{"line":119,"column":15},"end":{"line":119,"column":15}},{"start":{"line":119,"column":15},"end":{"line":119,"column":15}}]},"6":{"line":119,"type":"if","locations":[{"start":{"line":119,"column":28},"end":{"line":119,"column":28}},{"start":{"line":119,"column":28},"end":{"line":119,"column":28}}]},"7":{"line":121,"type":"if","locations":[{"start":{"line":121,"column":8},"end":{"line":121,"column":8}},{"start":{"line":121,"column":8},"end":{"line":121,"column":8}}]},"8":{"line":138,"type":"if","locations":[{"start":{"line":138,"column":8},"end":{"line":138,"column":8}},{"start":{"line":138,"column":8},"end":{"line":138,"column":8}}]},"9":{"line":139,"type":"if","locations":[{"start":{"line":139,"column":8},"end":{"line":139,"column":8}},{"start":{"line":139,"column":8},"end":{"line":139,"column":8}}]},"10":{"line":159,"type":"if","locations":[{"start":{"line":159,"column":15},"end":{"line":159,"column":15}},{"start":{"line":159,"column":15},"end":{"line":159,"column":15}}]},"11":{"line":159,"type":"if","locations":[{"start":{"line":159,"column":25},"end":{"line":159,"column":25}},{"start":{"line":159,"column":25},"end":{"line":159,"column":25}}]},"12":{"line":161,"type":"if","locations":[{"start":{"line":161,"column":8},"end":{"line":161,"column":8}},{"start":{"line":161,"column":8},"end":{"line":161,"column":8}}]},"13":{"line":181,"type":"if","locations":[{"start":{"line":181,"column":8},"end":{"line":181,"column":8}},{"start":{"line":181,"column":8},"end":{"line":181,"column":8}}]},"14":{"line":198,"type":"if","locations":[{"start":{"line":198,"column":8},"end":{"line":198,"column":8}},{"start":{"line":198,"column":8},"end":{"line":198,"column":8}}]},"15":{"line":199,"type":"if","locations":[{"start":{"line":199,"column":8},"end":{"line":199,"column":8}},{"start":{"line":199,"column":8},"end":{"line":199,"column":8}}]},"16":{"line":200,"type":"if","locations":[{"start":{"line":200,"column":8},"end":{"line":200,"column":8}},{"start":{"line":200,"column":8},"end":{"line":200,"column":8}}]},"17":{"line":208,"type":"if","locations":[{"start":{"line":208,"column":61},"end":{"line":208,"column":61}},{"start":{"line":208,"column":61},"end":{"line":208,"column":61}}]},"18":{"line":217,"type":"if","locations":[{"start":{"line":217,"column":15},"end":{"line":217,"column":15}},{"start":{"line":217,"column":15},"end":{"line":217,"column":15}}]}}}}
