TN:
SF:C:\Users\ASUS\Downloads\files\contracts\DatasetRegistry.sol
FN:83,onlyDatasetOwner
FN:88,datasetExists
FN:93,datasetActive
FN:102,constructor
FN:122,registerDataset
FN:163,purchaseAccess
FN:190,checkDuplicate
FN:198,getOwnerDatasets
FN:208,updatePrice
FN:221,deactivateDataset
FN:230,withdrawFees
FN:240,setPlatformFee
FNF:12
FNH:12
FNDA:4,onlyDatasetOwner
FNDA:12,datasetExists
FNDA:8,datasetActive
FNDA:41,constructor
FNDA:19,registerDataset
FNDA:7,purchaseAccess
FNDA:1,checkDuplicate
FNDA:1,getOwnerDatasets
FNDA:1,updatePrice
FNDA:2,deactivateDataset
FNDA:1,withdrawFees
FNDA:2,setPlatformFee
DA:84,4
DA:85,3
DA:89,12
DA:90,12
DA:94,8
DA:95,7
DA:124,19
DA:125,18
DA:126,17
DA:128,16
DA:130,16
DA:142,16
DA:143,16
DA:145,16
DA:165,7
DA:167,7
DA:168,6
DA:169,5
DA:172,4
DA:173,4
DA:176,4
DA:177,4
DA:181,4
DA:182,4
DA:184,4
DA:191,1
DA:192,1
DA:199,1
DA:210,1
DA:211,1
DA:212,1
DA:223,2
DA:224,2
DA:231,1
DA:232,1
DA:233,1
DA:234,1
DA:241,2
DA:242,1
LF:39
LH:39
BRDA:84,1,0,3
BRDA:84,1,1,1
BRDA:89,2,0,12
BRDA:89,2,1,0
BRDA:94,3,0,7
BRDA:94,3,1,1
BRDA:122,4,0,19
BRDA:122,4,1,0
BRDA:124,5,0,18
BRDA:124,5,1,1
BRDA:125,6,0,17
BRDA:125,6,1,1
BRDA:126,7,0,16
BRDA:126,7,1,1
BRDA:161,8,0,8
BRDA:161,8,1,0
BRDA:162,9,0,8
BRDA:162,9,1,0
BRDA:163,10,0,7
BRDA:163,10,1,1
BRDA:167,11,0,6
BRDA:167,11,1,1
BRDA:168,12,0,5
BRDA:168,12,1,1
BRDA:169,13,0,4
BRDA:169,13,1,1
BRDA:177,14,0,4
BRDA:177,14,1,0
BRDA:207,15,0,2
BRDA:207,15,1,0
BRDA:208,16,0,1
BRDA:208,16,1,1
BRDA:220,17,0,2
BRDA:220,17,1,0
BRDA:221,18,0,2
BRDA:221,18,1,0
BRDA:230,19,0,1
BRDA:230,19,1,1
BRDA:232,20,0,1
BRDA:232,20,1,0
BRDA:234,21,0,1
BRDA:234,21,1,0
BRDA:240,22,0,2
BRDA:240,22,1,0
BRDA:241,23,0,1
BRDA:241,23,1,1
BRF:46
BRH:35
end_of_record
TN:
SF:C:\Users\ASUS\Downloads\files\contracts\DataToken.sol
FN:23,constructor
FN:41,mintReward
FN:58,burnFrom
FN:67,remainingSupply
FNF:4
FNH:4
FNDA:41,constructor
FNDA:17,mintReward
FNDA:1,burnFrom
FNDA:1,remainingSupply
DA:24,41
DA:25,41
DA:28,41
DA:29,41
DA:30,41
DA:43,17
DA:44,16
DA:46,15
DA:47,15
DA:49,15
DA:60,1
DA:61,1
DA:68,1
LF:13
LH:13
BRDA:41,1,0,17
BRDA:41,1,1,1
BRDA:43,2,0,16
BRDA:43,2,1,1
BRDA:44,3,0,15
BRDA:44,3,1,1
BRDA:58,4,0,1
BRDA:58,4,1,0
BRF:8
BRH:7
end_of_record
TN:
SF:C:\Users\ASUS\Downloads\files\contracts\RewardDistributor.sol
FN:70,onlyRegistry
FN:79,constructor
FN:90,registerUser
FN:119,rewardDatasetUpload
FN:139,rewardDatasetUsage
FN:159,rewardTaskCompletion
FN:174,_issueReward
FN:196,_calculateLevel
FN:208,setRegistryContract
FN:217,updateRewardAmounts
FN:227,getUserProfile
FNF:11
FNH:11
FNDA:4,onlyRegistry
FNDA:41,constructor
FNDA:11,registerUser
FNDA:3,rewardDatasetUpload
FNDA:1,rewardDatasetUsage
FNDA:11,rewardTaskCompletion
FNDA:14,_issueReward
FNDA:14,_calculateLevel
FNDA:41,setRegistryContract
FNDA:1,updateRewardAmounts
FNDA:1,getUserProfile
DA:71,4
DA:72,4
DA:80,41
DA:91,11
DA:93,10
DA:94,10
DA:96,10
DA:99,10
DA:100,1
DA:101,1
DA:120,3
DA:121,3
DA:123,2
DA:126,2
DA:127,2
DA:129,2
DA:130,2
DA:142,1
DA:143,1
DA:146,1
DA:160,11
DA:161,11
DA:163,10
DA:165,10
DA:166,10
DA:167,10
DA:175,14
DA:176,14
DA:178,14
DA:179,14
DA:181,14
DA:182,3
DA:183,3
DA:186,14
DA:197,14
DA:198,14
DA:199,14
DA:200,14
DA:201,12
DA:209,41
DA:218,1
DA:219,1
DA:220,1
DA:221,1
DA:235,1
DA:236,1
LF:46
LH:46
BRDA:71,1,0,4
BRDA:71,1,1,0
BRDA:71,2,0,0
BRDA:71,2,1,4
BRDA:91,3,0,10
BRDA:91,3,1,1
BRDA:99,4,0,1
BRDA:99,4,1,9
BRDA:119,5,0,3
BRDA:119,5,1,0
BRDA:119,6,0,3
BRDA:119,6,1,0
BRDA:121,7,0,2
BRDA:121,7,1,1
BRDA:138,8,0,1
BRDA:138,8,1,0
BRDA:139,9,0,1
BRDA:139,9,1,0
BRDA:159,10,0,11
BRDA:159,10,1,0
BRDA:159,11,0,11
BRDA:159,11,1,0
BRDA:161,12,0,10
BRDA:161,12,1,1
BRDA:181,13,0,3
BRDA:181,13,1,11
BRDA:198,14,0,0
BRDA:198,14,1,14
BRDA:199,15,0,0
BRDA:199,15,1,14
BRDA:200,16,0,2
BRDA:200,16,1,12
BRDA:208,17,0,41
BRDA:208,17,1,0
BRDA:217,18,0,1
BRDA:217,18,1,1
BRF:36
BRH:25
end_of_record
